0 info it worked if it ends with ok
1 verbose cli [ '/home/admin/.nvm/versions/node/v5.0.0/bin/node',
1 verbose cli   '/home/admin/.nvm/versions/node/v5.0.0/bin/npm',
1 verbose cli   'start',
1 verbose cli   '--port',
1 verbose cli   '80' ]
2 info using npm@3.3.6
3 info using node@v5.0.0
4 verbose run-script [ 'prestart', 'start', 'poststart' ]
5 info lifecycle collectivist@0.1.0~prestart: collectivist@0.1.0
6 silly lifecycle collectivist@0.1.0~prestart: no script for prestart, continuing
7 info lifecycle collectivist@0.1.0~start: collectivist@0.1.0
8 verbose lifecycle collectivist@0.1.0~start: unsafe-perm in lifecycle true
9 verbose lifecycle collectivist@0.1.0~start: PATH: /home/admin/.nvm/versions/node/v5.0.0/lib/node_modules/npm/bin/node-gyp-bin:/home/admin/collectivist/node_modules/.bin:/home/admin/.nvm/versions/node/v5.0.0/bin:/usr/local/sbin:/usr/local/bin:/usr/sbin:/usr/bin:/sbin:/bin:/usr/games:/usr/local/games
10 verbose lifecycle collectivist@0.1.0~start: CWD: /home/admin/collectivist
11 silly lifecycle collectivist@0.1.0~start: Args: [ '-c', 'node app.js "80"' ]
12 silly lifecycle collectivist@0.1.0~start: Returned: code: 1  signal: null
13 info lifecycle collectivist@0.1.0~start: Failed to exec start script
14 verbose stack Error: collectivist@0.1.0 start: `node app.js "80"`
14 verbose stack Exit status 1
14 verbose stack     at EventEmitter.<anonymous> (/home/admin/.nvm/versions/node/v5.0.0/lib/node_modules/npm/lib/utils/lifecycle.js:233:16)
14 verbose stack     at emitTwo (events.js:87:13)
14 verbose stack     at EventEmitter.emit (events.js:172:7)
14 verbose stack     at ChildProcess.<anonymous> (/home/admin/.nvm/versions/node/v5.0.0/lib/node_modules/npm/lib/utils/spawn.js:24:14)
14 verbose stack     at emitTwo (events.js:87:13)
14 verbose stack     at ChildProcess.emit (events.js:172:7)
14 verbose stack     at maybeClose (internal/child_process.js:818:16)
14 verbose stack     at Process.ChildProcess._handle.onexit (internal/child_process.js:211:5)
15 verbose pkgid collectivist@0.1.0
16 verbose cwd /home/admin/collectivist
17 error Linux 3.13.0-71-generic
18 error argv "/home/admin/.nvm/versions/node/v5.0.0/bin/node" "/home/admin/.nvm/versions/node/v5.0.0/bin/npm" "start" "--port" "80"
19 error node v5.0.0
20 error npm  v3.3.6
21 error code ELIFECYCLE
22 error collectivist@0.1.0 start: `node app.js "80"`
22 error Exit status 1
23 error Failed at the collectivist@0.1.0 start script 'node app.js "80"'.
23 error This is most likely a problem with the collectivist package,
23 error not with npm itself.
23 error Tell the author that this fails on your system:
23 error     node app.js "80"
23 error You can get their info via:
23 error     npm owner ls collectivist
23 error There is likely additional logging output above.
24 verbose exit [ 1, true ]
